<?xml version="1.0" encoding="UTF-8"?>
<testng-results skipped="0" failed="0" ignored="0" total="1" passed="1">
  <reporter-output>
  </reporter-output>
  <suite name="Default suite" duration-ms="56813" started-at="2018-03-02T19:07:45Z" finished-at="2018-03-02T19:08:42Z">
    <groups>
    </groups>
    <test name="Default test" duration-ms="56813" started-at="2018-03-02T19:07:45Z" finished-at="2018-03-02T19:08:42Z">
      <class name="com.hr.tests.AdminTests">
        <test-method status="PASS" signature="setup()[pri:0, instance:com.hr.tests.AdminTests@5e0e82ae]" name="setup" is-config="true" duration-ms="7492" started-at="2018-03-02T19:07:45Z" finished-at="2018-03-02T19:07:53Z">
          <reporter-output>
          </reporter-output>
        </test-method> <!-- setup -->
        <test-method status="PASS" signature="AddUserTest()[pri:0, instance:com.hr.tests.AdminTests@5e0e82ae]" name="AddUserTest" duration-ms="49208" started-at="2018-03-02T19:07:53Z" finished-at="2018-03-02T19:08:42Z">
          <reporter-output>
          </reporter-output>
        </test-method> <!-- AddUserTest -->
        <test-method status="PASS" signature="tearDown()[pri:0, instance:com.hr.tests.AdminTests@5e0e82ae]" name="tearDown" is-config="true" duration-ms="88" started-at="2018-03-02T19:08:42Z" finished-at="2018-03-02T19:08:42Z">
          <reporter-output>
          </reporter-output>
        </test-method> <!-- tearDown -->
      </class> <!-- com.hr.tests.AdminTests -->
    </test> <!-- Default test -->
  </suite> <!-- Default suite -->
</testng-results>
